{"/Users/codegorgeous/Desktop/CodeGorgeous/Project/Component-Library/src/components/FloatButton/index.tsx": {"path":"/Users/codegorgeous/Desktop/CodeGorgeous/Project/Component-Library/src/components/FloatButton/index.tsx","statementMap":{"0":{"start":{"line":4,"column":15},"end":{"line":54,"column":2}},"1":{"start":{"line":29,"column":36},"end":{"line":29,"column":57}},"2":{"start":{"line":30,"column":91},"end":{"line":35,"column":10}},"3":{"start":{"line":37,"column":8},"end":{"line":52,"column":null}},"4":{"start":{"line":37,"column":15},"end":{"line":50,"column":null}}},"fnMap":{"0":{"name":"(anonymous_0)","decl":{"start":{"line":28,"column":4},"end":{"line":28,"column":9}},"loc":{"start":{"line":28,"column":28},"end":{"line":53,"column":null}}},"1":{"name":"(anonymous_1)","decl":{"start":{"line":37,"column":15},"end":{"line":37,"column":null}},"loc":{"start":{"line":37,"column":15},"end":{"line":50,"column":null}}}},"branchMap":{},"s":{"0":1,"1":3,"2":3,"3":3,"4":6},"f":{"0":3,"1":6},"b":{}}
,"/Users/codegorgeous/Desktop/CodeGorgeous/Project/Component-Library/src/components/Image/index.tsx": {"path":"/Users/codegorgeous/Desktop/CodeGorgeous/Project/Component-Library/src/components/Image/index.tsx","statementMap":{"0":{"start":{"line":6,"column":15},"end":{"line":69,"column":2}},"1":{"start":{"line":27,"column":30},"end":{"line":27,"column":null}},"2":{"start":{"line":32,"column":23},"end":{"line":32,"column":46}},"3":{"start":{"line":33,"column":31},"end":{"line":33,"column":41}},"4":{"start":{"line":34,"column":30},"end":{"line":34,"column":40}},"5":{"start":{"line":35,"column":8},"end":{"line":37,"column":null}},"6":{"start":{"line":36,"column":12},"end":{"line":36,"column":null}},"7":{"start":{"line":39,"column":12},"end":{"line":39,"column":null}},"8":{"start":{"line":40,"column":12},"end":{"line":40,"column":null}},"9":{"start":{"line":43,"column":12},"end":{"line":43,"column":null}},"10":{"start":{"line":44,"column":12},"end":{"line":44,"column":null}},"11":{"start":{"line":46,"column":30},"end":{"line":49,"column":9}},"12":{"start":{"line":50,"column":8},"end":{"line":67,"column":null}},"13":{"start":{"line":50,"column":15},"end":{"line":64,"column":null}}},"fnMap":{"0":{"name":"(anonymous_0)","decl":{"start":{"line":27,"column":22},"end":{"line":27,"column":25}},"loc":{"start":{"line":27,"column":30},"end":{"line":27,"column":null}}},"1":{"name":"(anonymous_1)","decl":{"start":{"line":31,"column":4},"end":{"line":31,"column":9}},"loc":{"start":{"line":31,"column":34},"end":{"line":68,"column":null}}},"2":{"name":"(anonymous_2)","decl":{"start":{"line":35,"column":18},"end":{"line":35,"column":24}},"loc":{"start":{"line":35,"column":24},"end":{"line":37,"column":9}}},"3":{"name":"handleImageError","decl":{"start":{"line":38,"column":17},"end":{"line":38,"column":33}},"loc":{"start":{"line":38,"column":44},"end":{"line":41,"column":null}}},"4":{"name":"handleImageLoad","decl":{"start":{"line":42,"column":17},"end":{"line":42,"column":32}},"loc":{"start":{"line":42,"column":43},"end":{"line":45,"column":null}}},"5":{"name":"(anonymous_5)","decl":{"start":{"line":50,"column":15},"end":{"line":50,"column":null}},"loc":{"start":{"line":50,"column":15},"end":{"line":64,"column":null}}}},"branchMap":{"0":{"loc":{"start":{"line":36,"column":12},"end":{"line":36,"column":66}},"type":"binary-expr","locations":[{"start":{"line":36,"column":12},"end":{"line":36,"column":24}},{"start":{"line":36,"column":29},"end":{"line":36,"column":65}}]},"1":{"loc":{"start":{"line":52,"column":17},"end":{"line":58,"column":null}},"type":"binary-expr","locations":[{"start":{"line":52,"column":17},"end":{"line":52,"column":38}},{"start":{"line":52,"column":38},"end":{"line":58,"column":null}}]},"2":{"loc":{"start":{"line":62,"column":22},"end":{"line":62,"column":86}},"type":"binary-expr","locations":[{"start":{"line":62,"column":22},"end":{"line":62,"column":42}},{"start":{"line":62,"column":47},"end":{"line":62,"column":62}},{"start":{"line":62,"column":66},"end":{"line":62,"column":85}}]},"3":{"loc":{"start":{"line":64,"column":23},"end":{"line":64,"column":125}},"type":"binary-expr","locations":[{"start":{"line":64,"column":23},"end":{"line":64,"column":43}},{"start":{"line":64,"column":47},"end":{"line":64,"column":68}},{"start":{"line":64,"column":74},"end":{"line":64,"column":95}},{"start":{"line":64,"column":99},"end":{"line":64,"column":124}}]}},"s":{"0":1,"1":2,"2":2,"3":2,"4":2,"5":2,"6":2,"7":1,"8":1,"9":0,"10":0,"11":2,"12":2,"13":3},"f":{"0":2,"1":2,"2":2,"3":1,"4":0,"5":3},"b":{"0":[2,2],"1":[3,2],"2":[3,1,0],"3":[3,3,2,1]}}
,"/Users/codegorgeous/Desktop/CodeGorgeous/Project/Component-Library/src/components/Input/index.tsx": {"path":"/Users/codegorgeous/Desktop/CodeGorgeous/Project/Component-Library/src/components/Input/index.tsx","statementMap":{"0":{"start":{"line":5,"column":15},"end":{"line":98,"column":2}},"1":{"start":{"line":44,"column":22},"end":{"line":44,"column":43}},"2":{"start":{"line":45,"column":8},"end":{"line":45,"column":null}},"3":{"start":{"line":45,"column":28},"end":{"line":45,"column":53}},"4":{"start":{"line":46,"column":23},"end":{"line":46,"column":46}},"5":{"start":{"line":47,"column":29},"end":{"line":47,"column":49}},"6":{"start":{"line":48,"column":29},"end":{"line":50,"column":9}},"7":{"start":{"line":51,"column":8},"end":{"line":57,"column":null}},"8":{"start":{"line":59,"column":12},"end":{"line":59,"column":null}},"9":{"start":{"line":59,"column":36},"end":{"line":59,"column":null}},"10":{"start":{"line":62,"column":12},"end":{"line":62,"column":null}},"11":{"start":{"line":63,"column":12},"end":{"line":63,"column":null}},"12":{"start":{"line":66,"column":12},"end":{"line":66,"column":null}},"13":{"start":{"line":67,"column":12},"end":{"line":67,"column":null}},"14":{"start":{"line":70,"column":12},"end":{"line":70,"column":null}},"15":{"start":{"line":72,"column":8},"end":{"line":74,"column":null}},"16":{"start":{"line":73,"column":12},"end":{"line":73,"column":null}},"17":{"start":{"line":76,"column":8},"end":{"line":96,"column":null}},"18":{"start":{"line":76,"column":15},"end":{"line":94,"column":null}},"19":{"start":{"line":84,"column":29},"end":{"line":84,"column":null}}},"fnMap":{"0":{"name":"(anonymous_0)","decl":{"start":{"line":43,"column":4},"end":{"line":43,"column":9}},"loc":{"start":{"line":43,"column":34},"end":{"line":97,"column":null}}},"1":{"name":"(anonymous_1)","decl":{"start":{"line":45,"column":21},"end":{"line":45,"column":24}},"loc":{"start":{"line":45,"column":28},"end":{"line":45,"column":53}}},"2":{"name":"handleKeyDown","decl":{"start":{"line":58,"column":17},"end":{"line":58,"column":30}},"loc":{"start":{"line":58,"column":49},"end":{"line":60,"column":9}}},"3":{"name":"handleFocus","decl":{"start":{"line":61,"column":17},"end":{"line":61,"column":28}},"loc":{"start":{"line":61,"column":31},"end":{"line":64,"column":9}}},"4":{"name":"handleBlur","decl":{"start":{"line":65,"column":17},"end":{"line":65,"column":27}},"loc":{"start":{"line":65,"column":30},"end":{"line":68,"column":9}}},"5":{"name":"handleClear","decl":{"start":{"line":69,"column":17},"end":{"line":69,"column":28}},"loc":{"start":{"line":69,"column":31},"end":{"line":71,"column":9}}},"6":{"name":"(anonymous_6)","decl":{"start":{"line":72,"column":21},"end":{"line":72,"column":24}},"loc":{"start":{"line":72,"column":28},"end":{"line":74,"column":9}}},"7":{"name":"(anonymous_7)","decl":{"start":{"line":76,"column":15},"end":{"line":76,"column":null}},"loc":{"start":{"line":76,"column":15},"end":{"line":94,"column":null}}},"8":{"name":"(anonymous_8)","decl":{"start":{"line":83,"column":36},"end":{"line":83,"column":null}},"loc":{"start":{"line":84,"column":29},"end":{"line":84,"column":null}}}},"branchMap":{"0":{"loc":{"start":{"line":51,"column":8},"end":{"line":57,"column":10}},"type":"binary-expr","locations":[{"start":{"line":51,"column":8},"end":{"line":51,"column":26}},{"start":{"line":51,"column":30},"end":{"line":57,"column":10}}]},"1":{"loc":{"start":{"line":59,"column":12},"end":{"line":59,"column":null}},"type":"if","locations":[{"start":{"line":59,"column":12},"end":{"line":59,"column":null}},{"start":{"line":59,"column":12},"end":{"line":59,"column":null}}]},"2":{"loc":{"start":{"line":78,"column":91},"end":{"line":78,"column":132}},"type":"cond-expr","locations":[{"start":{"line":78,"column":107},"end":{"line":78,"column":125}},{"start":{"line":78,"column":128},"end":{"line":78,"column":132}}]},"3":{"loc":{"start":{"line":93,"column":18},"end":{"line":93,"column":169}},"type":"binary-expr","locations":[{"start":{"line":93,"column":18},"end":{"line":93,"column":33}},{"start":{"line":93,"column":38},"end":{"line":93,"column":50}},{"start":{"line":93,"column":50},"end":{"line":93,"column":169}}]},"4":{"loc":{"start":{"line":93,"column":124},"end":{"line":93,"column":161}},"type":"binary-expr","locations":[{"start":{"line":93,"column":124},"end":{"line":93,"column":139}},{"start":{"line":93,"column":143},"end":{"line":93,"column":161}}]}},"s":{"0":1,"1":2,"2":2,"3":0,"4":2,"5":2,"6":2,"7":2,"8":0,"9":0,"10":0,"11":0,"12":0,"13":0,"14":0,"15":2,"16":0,"17":2,"18":2,"19":0},"f":{"0":2,"1":0,"2":0,"3":0,"4":0,"5":0,"6":0,"7":2,"8":0},"b":{"0":[2,1],"1":[0,0],"2":[1,1],"3":[2,1,1],"4":[1,0]}}
,"/Users/codegorgeous/Desktop/CodeGorgeous/Project/Component-Library/src/components/Select/index.tsx": {"path":"/Users/codegorgeous/Desktop/CodeGorgeous/Project/Component-Library/src/components/Select/index.tsx","statementMap":{"0":{"start":{"line":13,"column":15},"end":{"line":111,"column":2}},"1":{"start":{"line":21,"column":27},"end":{"line":21,"column":null}},"2":{"start":{"line":46,"column":22},"end":{"line":46,"column":43}},"3":{"start":{"line":47,"column":27},"end":{"line":47,"column":108}},"4":{"start":{"line":47,"column":42},"end":{"line":47,"column":107}},"5":{"start":{"line":47,"column":71},"end":{"line":47,"column":99}},"6":{"start":{"line":48,"column":28},"end":{"line":48,"column":38}},"7":{"start":{"line":49,"column":42},"end":{"line":49,"column":115}},"8":{"start":{"line":49,"column":57},"end":{"line":49,"column":114}},"9":{"start":{"line":50,"column":31},"end":{"line":50,"column":52}},"10":{"start":{"line":51,"column":36},"end":{"line":51,"column":57}},"11":{"start":{"line":52,"column":61},"end":{"line":54,"column":9}},"12":{"start":{"line":55,"column":29},"end":{"line":57,"column":9}},"13":{"start":{"line":59,"column":12},"end":{"line":59,"column":null}},"14":{"start":{"line":62,"column":12},"end":{"line":62,"column":null}},"15":{"start":{"line":63,"column":12},"end":{"line":63,"column":null}},"16":{"start":{"line":66,"column":12},"end":{"line":68,"column":13}},"17":{"start":{"line":67,"column":16},"end":{"line":67,"column":null}},"18":{"start":{"line":71,"column":12},"end":{"line":71,"column":null}},"19":{"start":{"line":72,"column":12},"end":{"line":72,"column":null}},"20":{"start":{"line":73,"column":12},"end":{"line":73,"column":null}},"21":{"start":{"line":75,"column":8},"end":{"line":81,"column":null}},"22":{"start":{"line":79,"column":32},"end":{"line":79,"column":null}},"23":{"start":{"line":82,"column":8},"end":{"line":85,"column":null}},"24":{"start":{"line":83,"column":12},"end":{"line":83,"column":null}},"25":{"start":{"line":84,"column":12},"end":{"line":84,"column":null}},"26":{"start":{"line":86,"column":8},"end":{"line":89,"column":null}},"27":{"start":{"line":87,"column":12},"end":{"line":87,"column":null}},"28":{"start":{"line":88,"column":12},"end":{"line":88,"column":null}},"29":{"start":{"line":90,"column":8},"end":{"line":109,"column":null}},"30":{"start":{"line":90,"column":15},"end":{"line":106,"column":null}},"31":{"start":{"line":106,"column":54},"end":{"line":106,"column":206}},"32":{"start":{"line":106,"column":129},"end":{"line":106,"column":155}}},"fnMap":{"0":{"name":"(anonymous_0)","decl":{"start":{"line":21,"column":21},"end":{"line":21,"column":27}},"loc":{"start":{"line":21,"column":27},"end":{"line":21,"column":null}}},"1":{"name":"(anonymous_1)","decl":{"start":{"line":45,"column":4},"end":{"line":45,"column":9}},"loc":{"start":{"line":45,"column":34},"end":{"line":110,"column":null}}},"2":{"name":"(anonymous_2)","decl":{"start":{"line":47,"column":36},"end":{"line":47,"column":42}},"loc":{"start":{"line":47,"column":42},"end":{"line":47,"column":107}}},"3":{"name":"(anonymous_3)","decl":{"start":{"line":47,"column":61},"end":{"line":47,"column":67}},"loc":{"start":{"line":47,"column":71},"end":{"line":47,"column":99}}},"4":{"name":"(anonymous_4)","decl":{"start":{"line":49,"column":51},"end":{"line":49,"column":57}},"loc":{"start":{"line":49,"column":57},"end":{"line":49,"column":114}}},"5":{"name":"handleClick","decl":{"start":{"line":58,"column":17},"end":{"line":58,"column":28}},"loc":{"start":{"line":58,"column":31},"end":{"line":60,"column":9}}},"6":{"name":"handleSelectOption","decl":{"start":{"line":61,"column":17},"end":{"line":61,"column":35}},"loc":{"start":{"line":61,"column":63},"end":{"line":64,"column":9}}},"7":{"name":"handleWindowClick","decl":{"start":{"line":65,"column":17},"end":{"line":65,"column":34}},"loc":{"start":{"line":65,"column":45},"end":{"line":69,"column":9}}},"8":{"name":"handleClear","decl":{"start":{"line":70,"column":17},"end":{"line":70,"column":28}},"loc":{"start":{"line":70,"column":39},"end":{"line":74,"column":9}}},"9":{"name":"(anonymous_9)","decl":{"start":{"line":79,"column":25},"end":{"line":79,"column":26}},"loc":{"start":{"line":79,"column":31},"end":{"line":79,"column":null}}},"10":{"name":"(anonymous_10)","decl":{"start":{"line":82,"column":21},"end":{"line":82,"column":24}},"loc":{"start":{"line":82,"column":28},"end":{"line":85,"column":9}}},"11":{"name":"(anonymous_11)","decl":{"start":{"line":86,"column":27},"end":{"line":86,"column":30}},"loc":{"start":{"line":86,"column":34},"end":{"line":89,"column":9}}},"12":{"name":"(anonymous_12)","decl":{"start":{"line":90,"column":15},"end":{"line":90,"column":null}},"loc":{"start":{"line":90,"column":15},"end":{"line":106,"column":null}}},"13":{"name":"(anonymous_13)","decl":{"start":{"line":106,"column":40},"end":{"line":106,"column":41}},"loc":{"start":{"line":106,"column":54},"end":{"line":106,"column":206}}},"14":{"name":"(anonymous_14)","decl":{"start":{"line":106,"column":123},"end":{"line":106,"column":129}},"loc":{"start":{"line":106,"column":129},"end":{"line":106,"column":155}}}},"branchMap":{"0":{"loc":{"start":{"line":49,"column":57},"end":{"line":49,"column":114}},"type":"cond-expr","locations":[{"start":{"line":49,"column":88},"end":{"line":49,"column":98}},{"start":{"line":49,"column":101},"end":{"line":49,"column":114}}]},"1":{"loc":{"start":{"line":66,"column":12},"end":{"line":68,"column":13}},"type":"if","locations":[{"start":{"line":66,"column":12},"end":{"line":68,"column":13}},{"start":{"line":66,"column":12},"end":{"line":68,"column":13}}]},"2":{"loc":{"start":{"line":88,"column":35},"end":{"line":88,"column":70}},"type":"cond-expr","locations":[{"start":{"line":88,"column":41},"end":{"line":88,"column":58}},{"start":{"line":88,"column":61},"end":{"line":88,"column":70}}]},"3":{"loc":{"start":{"line":97,"column":44},"end":{"line":97,"column":81}},"type":"binary-expr","locations":[{"start":{"line":97,"column":44},"end":{"line":97,"column":60}},{"start":{"line":97,"column":64},"end":{"line":97,"column":81}}]},"4":{"loc":{"start":{"line":98,"column":22},"end":{"line":98,"column":135}},"type":"binary-expr","locations":[{"start":{"line":98,"column":22},"end":{"line":98,"column":38}},{"start":{"line":98,"column":42},"end":{"line":98,"column":57}},{"start":{"line":98,"column":57},"end":{"line":98,"column":135}}]},"5":{"loc":{"start":{"line":98,"column":90},"end":{"line":98,"column":127}},"type":"binary-expr","locations":[{"start":{"line":98,"column":90},"end":{"line":98,"column":105}},{"start":{"line":98,"column":109},"end":{"line":98,"column":127}}]},"6":{"loc":{"start":{"line":103,"column":35},"end":{"line":103,"column":null}},"type":"cond-expr","locations":[{"start":{"line":103,"column":55},"end":{"line":103,"column":77}},{"start":{"line":103,"column":80},"end":{"line":103,"column":null}}]},"7":{"loc":{"start":{"line":106,"column":159},"end":{"line":106,"column":197}},"type":"binary-expr","locations":[{"start":{"line":106,"column":159},"end":{"line":106,"column":181}},{"start":{"line":106,"column":185},"end":{"line":106,"column":197}}]}},"s":{"0":1,"1":1,"2":1,"3":1,"4":1,"5":0,"6":1,"7":1,"8":1,"9":1,"10":1,"11":1,"12":1,"13":0,"14":0,"15":0,"16":0,"17":0,"18":0,"19":0,"20":0,"21":1,"22":0,"23":1,"24":0,"25":0,"26":1,"27":0,"28":0,"29":1,"30":1,"31":0,"32":0},"f":{"0":1,"1":1,"2":1,"3":0,"4":1,"5":0,"6":0,"7":0,"8":0,"9":0,"10":0,"11":0,"12":1,"13":0,"14":0},"b":{"0":[1,0],"1":[0,0],"2":[0,0],"3":[1,1],"4":[1,0,0],"5":[0,0],"6":[0,1],"7":[0,0]}}
,"/Users/codegorgeous/Desktop/CodeGorgeous/Project/Component-Library/src/hooks/useEvent/index.ts": {"path":"/Users/codegorgeous/Desktop/CodeGorgeous/Project/Component-Library/src/hooks/useEvent/index.ts","statementMap":{"0":{"start":{"line":14,"column":17},"end":{"line":14,"column":null}},"1":{"start":{"line":15,"column":4},"end":{"line":22,"column":null}},"2":{"start":{"line":16,"column":8},"end":{"line":16,"column":null}},"3":{"start":{"line":17,"column":8},"end":{"line":21,"column":9}},"4":{"start":{"line":18,"column":12},"end":{"line":20,"column":null}},"5":{"start":{"line":19,"column":16},"end":{"line":19,"column":null}},"6":{"start":{"line":23,"column":4},"end":{"line":29,"column":null}},"7":{"start":{"line":24,"column":8},"end":{"line":28,"column":9}},"8":{"start":{"line":25,"column":12},"end":{"line":27,"column":null}},"9":{"start":{"line":26,"column":16},"end":{"line":26,"column":null}}},"fnMap":{"0":{"name":"useEvent","decl":{"start":{"line":13,"column":16},"end":{"line":13,"column":25}},"loc":{"start":{"line":13,"column":57},"end":{"line":30,"column":1}}},"1":{"name":"(anonymous_1)","decl":{"start":{"line":15,"column":14},"end":{"line":15,"column":20}},"loc":{"start":{"line":15,"column":20},"end":{"line":22,"column":5}}},"2":{"name":"(anonymous_2)","decl":{"start":{"line":18,"column":35},"end":{"line":18,"column":44}},"loc":{"start":{"line":18,"column":44},"end":{"line":20,"column":13}}},"3":{"name":"(anonymous_3)","decl":{"start":{"line":23,"column":20},"end":{"line":23,"column":26}},"loc":{"start":{"line":23,"column":26},"end":{"line":29,"column":5}}},"4":{"name":"(anonymous_4)","decl":{"start":{"line":25,"column":35},"end":{"line":25,"column":44}},"loc":{"start":{"line":25,"column":44},"end":{"line":27,"column":13}}}},"branchMap":{"0":{"loc":{"start":{"line":16,"column":21},"end":{"line":16,"column":null}},"type":"cond-expr","locations":[{"start":{"line":16,"column":43},"end":{"line":16,"column":64}},{"start":{"line":16,"column":64},"end":{"line":16,"column":null}}]},"1":{"loc":{"start":{"line":17,"column":8},"end":{"line":21,"column":9}},"type":"if","locations":[{"start":{"line":17,"column":8},"end":{"line":21,"column":9}},{"start":{"line":17,"column":8},"end":{"line":21,"column":9}}]},"2":{"loc":{"start":{"line":17,"column":12},"end":{"line":17,"column":42}},"type":"binary-expr","locations":[{"start":{"line":17,"column":12},"end":{"line":17,"column":26}},{"start":{"line":17,"column":26},"end":{"line":17,"column":42}}]},"3":{"loc":{"start":{"line":19,"column":16},"end":{"line":19,"column":null}},"type":"binary-expr","locations":[{"start":{"line":19,"column":16},"end":{"line":19,"column":33}},{"start":{"line":19,"column":33},"end":{"line":19,"column":null}}]},"4":{"loc":{"start":{"line":24,"column":8},"end":{"line":28,"column":9}},"type":"if","locations":[{"start":{"line":24,"column":8},"end":{"line":28,"column":9}},{"start":{"line":24,"column":8},"end":{"line":28,"column":9}}]},"5":{"loc":{"start":{"line":24,"column":12},"end":{"line":24,"column":42}},"type":"binary-expr","locations":[{"start":{"line":24,"column":12},"end":{"line":24,"column":26}},{"start":{"line":24,"column":26},"end":{"line":24,"column":42}}]},"6":{"loc":{"start":{"line":26,"column":16},"end":{"line":26,"column":null}},"type":"binary-expr","locations":[{"start":{"line":26,"column":16},"end":{"line":26,"column":33}},{"start":{"line":26,"column":33},"end":{"line":26,"column":null}}]}},"s":{"0":2,"1":2,"2":2,"3":2,"4":2,"5":2,"6":2,"7":0,"8":0,"9":0},"f":{"0":2,"1":2,"2":2,"3":0,"4":0},"b":{"0":[1,1],"1":[2,0],"2":[2,2],"3":[2,2],"4":[0,0],"5":[0,0],"6":[0,0]}}
,"/Users/codegorgeous/Desktop/CodeGorgeous/Project/Component-Library/src/hooks/useTouch/index.ts": {"path":"/Users/codegorgeous/Desktop/CodeGorgeous/Project/Component-Library/src/hooks/useTouch/index.ts","statementMap":{"0":{"start":{"line":14,"column":22},"end":{"line":17,"column":null}},"1":{"start":{"line":18,"column":21},"end":{"line":21,"column":null}},"2":{"start":{"line":22,"column":20},"end":{"line":22,"column":null}},"3":{"start":{"line":23,"column":4},"end":{"line":35,"column":null}},"4":{"start":{"line":24,"column":8},"end":{"line":34,"column":null}},"5":{"start":{"line":25,"column":36},"end":{"line":25,"column":null}},"6":{"start":{"line":26,"column":27},"end":{"line":26,"column":null}},"7":{"start":{"line":27,"column":12},"end":{"line":29,"column":null}},"8":{"start":{"line":28,"column":16},"end":{"line":28,"column":null}},"9":{"start":{"line":30,"column":12},"end":{"line":33,"column":null}},"10":{"start":{"line":36,"column":29},"end":{"line":51,"column":null}},"11":{"start":{"line":37,"column":8},"end":{"line":50,"column":null}},"12":{"start":{"line":38,"column":12},"end":{"line":38,"column":null}},"13":{"start":{"line":39,"column":12},"end":{"line":39,"column":null}},"14":{"start":{"line":39,"column":38},"end":{"line":39,"column":null}},"15":{"start":{"line":40,"column":41},"end":{"line":40,"column":null}},"16":{"start":{"line":41,"column":46},"end":{"line":41,"column":null}},"17":{"start":{"line":42,"column":12},"end":{"line":45,"column":null}},"18":{"start":{"line":46,"column":12},"end":{"line":49,"column":null}},"19":{"start":{"line":52,"column":28},"end":{"line":68,"column":null}},"20":{"start":{"line":53,"column":8},"end":{"line":67,"column":null}},"21":{"start":{"line":54,"column":12},"end":{"line":54,"column":null}},"22":{"start":{"line":54,"column":38},"end":{"line":54,"column":null}},"23":{"start":{"line":55,"column":41},"end":{"line":55,"column":null}},"24":{"start":{"line":56,"column":24},"end":{"line":56,"column":null}},"25":{"start":{"line":57,"column":24},"end":{"line":57,"column":null}},"26":{"start":{"line":58,"column":50},"end":{"line":58,"column":null}},"27":{"start":{"line":59,"column":12},"end":{"line":60,"column":null}},"28":{"start":{"line":59,"column":57},"end":{"line":59,"column":null}},"29":{"start":{"line":59,"column":85},"end":{"line":60,"column":null}},"30":{"start":{"line":60,"column":32},"end":{"line":60,"column":null}},"31":{"start":{"line":61,"column":12},"end":{"line":62,"column":null}},"32":{"start":{"line":61,"column":59},"end":{"line":61,"column":null}},"33":{"start":{"line":61,"column":88},"end":{"line":62,"column":null}},"34":{"start":{"line":62,"column":32},"end":{"line":62,"column":null}},"35":{"start":{"line":63,"column":12},"end":{"line":66,"column":null}},"36":{"start":{"line":69,"column":27},"end":{"line":104,"column":null}},"37":{"start":{"line":70,"column":8},"end":{"line":103,"column":null}},"38":{"start":{"line":71,"column":12},"end":{"line":71,"column":null}},"39":{"start":{"line":71,"column":38},"end":{"line":71,"column":null}},"40":{"start":{"line":72,"column":41},"end":{"line":72,"column":null}},"41":{"start":{"line":73,"column":50},"end":{"line":73,"column":null}},"42":{"start":{"line":74,"column":24},"end":{"line":74,"column":null}},"43":{"start":{"line":75,"column":24},"end":{"line":75,"column":null}},"44":{"start":{"line":77,"column":12},"end":{"line":81,"column":null}},"45":{"start":{"line":78,"column":16},"end":{"line":78,"column":null}},"46":{"start":{"line":79,"column":12},"end":{"line":81,"column":null}},"47":{"start":{"line":80,"column":16},"end":{"line":80,"column":null}},"48":{"start":{"line":82,"column":12},"end":{"line":86,"column":null}},"49":{"start":{"line":83,"column":16},"end":{"line":83,"column":null}},"50":{"start":{"line":84,"column":12},"end":{"line":86,"column":null}},"51":{"start":{"line":85,"column":16},"end":{"line":85,"column":null}},"52":{"start":{"line":89,"column":12},"end":{"line":98,"column":null}},"53":{"start":{"line":90,"column":40},"end":{"line":90,"column":null}},"54":{"start":{"line":91,"column":16},"end":{"line":97,"column":null}},"55":{"start":{"line":92,"column":20},"end":{"line":92,"column":null}},"56":{"start":{"line":93,"column":20},"end":{"line":93,"column":null}},"57":{"start":{"line":95,"column":20},"end":{"line":95,"column":null}},"58":{"start":{"line":96,"column":20},"end":{"line":96,"column":null}},"59":{"start":{"line":99,"column":12},"end":{"line":102,"column":null}},"60":{"start":{"line":105,"column":4},"end":{"line":111,"column":null}}},"fnMap":{"0":{"name":"useTouch","decl":{"start":{"line":13,"column":16},"end":{"line":13,"column":25}},"loc":{"start":{"line":13,"column":51},"end":{"line":112,"column":1}}},"1":{"name":"(anonymous_1)","decl":{"start":{"line":23,"column":14},"end":{"line":23,"column":20}},"loc":{"start":{"line":23,"column":20},"end":{"line":35,"column":5}}},"2":{"name":"(anonymous_2)","decl":{"start":{"line":36,"column":29},"end":{"line":36,"column":30}},"loc":{"start":{"line":36,"column":48},"end":{"line":51,"column":null}}},"3":{"name":"(anonymous_3)","decl":{"start":{"line":37,"column":30},"end":{"line":37,"column":36}},"loc":{"start":{"line":37,"column":36},"end":{"line":50,"column":9}}},"4":{"name":"(anonymous_4)","decl":{"start":{"line":52,"column":28},"end":{"line":52,"column":29}},"loc":{"start":{"line":52,"column":47},"end":{"line":68,"column":null}}},"5":{"name":"(anonymous_5)","decl":{"start":{"line":53,"column":30},"end":{"line":53,"column":36}},"loc":{"start":{"line":53,"column":36},"end":{"line":67,"column":9}}},"6":{"name":"(anonymous_6)","decl":{"start":{"line":69,"column":27},"end":{"line":69,"column":28}},"loc":{"start":{"line":69,"column":46},"end":{"line":104,"column":null}}},"7":{"name":"(anonymous_7)","decl":{"start":{"line":70,"column":30},"end":{"line":70,"column":36}},"loc":{"start":{"line":70,"column":36},"end":{"line":103,"column":9}}}},"branchMap":{"0":{"loc":{"start":{"line":24,"column":8},"end":{"line":34,"column":null}},"type":"if","locations":[{"start":{"line":24,"column":8},"end":{"line":34,"column":null}},{"start":{"line":24,"column":8},"end":{"line":34,"column":null}}]},"1":{"loc":{"start":{"line":27,"column":12},"end":{"line":29,"column":null}},"type":"if","locations":[{"start":{"line":27,"column":12},"end":{"line":29,"column":null}},{"start":{"line":27,"column":12},"end":{"line":29,"column":null}}]},"2":{"loc":{"start":{"line":39,"column":12},"end":{"line":39,"column":null}},"type":"if","locations":[{"start":{"line":39,"column":12},"end":{"line":39,"column":null}},{"start":{"line":39,"column":12},"end":{"line":39,"column":null}}]},"3":{"loc":{"start":{"line":54,"column":12},"end":{"line":54,"column":null}},"type":"if","locations":[{"start":{"line":54,"column":12},"end":{"line":54,"column":null}},{"start":{"line":54,"column":12},"end":{"line":54,"column":null}}]},"4":{"loc":{"start":{"line":59,"column":12},"end":{"line":60,"column":null}},"type":"if","locations":[{"start":{"line":59,"column":12},"end":{"line":60,"column":null}},{"start":{"line":59,"column":85},"end":{"line":60,"column":null}}]},"5":{"loc":{"start":{"line":59,"column":85},"end":{"line":60,"column":null}},"type":"if","locations":[{"start":{"line":59,"column":85},"end":{"line":60,"column":null}},{"start":{"line":59,"column":85},"end":{"line":60,"column":null}}]},"6":{"loc":{"start":{"line":61,"column":12},"end":{"line":62,"column":null}},"type":"if","locations":[{"start":{"line":61,"column":12},"end":{"line":62,"column":null}},{"start":{"line":61,"column":88},"end":{"line":62,"column":null}}]},"7":{"loc":{"start":{"line":61,"column":88},"end":{"line":62,"column":null}},"type":"if","locations":[{"start":{"line":61,"column":88},"end":{"line":62,"column":null}},{"start":{"line":61,"column":88},"end":{"line":62,"column":null}}]},"8":{"loc":{"start":{"line":71,"column":12},"end":{"line":71,"column":null}},"type":"if","locations":[{"start":{"line":71,"column":12},"end":{"line":71,"column":null}},{"start":{"line":71,"column":12},"end":{"line":71,"column":null}}]},"9":{"loc":{"start":{"line":77,"column":12},"end":{"line":81,"column":null}},"type":"if","locations":[{"start":{"line":77,"column":12},"end":{"line":81,"column":null}},{"start":{"line":79,"column":12},"end":{"line":81,"column":null}}]},"10":{"loc":{"start":{"line":79,"column":12},"end":{"line":81,"column":null}},"type":"if","locations":[{"start":{"line":79,"column":12},"end":{"line":81,"column":null}},{"start":{"line":79,"column":12},"end":{"line":81,"column":null}}]},"11":{"loc":{"start":{"line":82,"column":12},"end":{"line":86,"column":null}},"type":"if","locations":[{"start":{"line":82,"column":12},"end":{"line":86,"column":null}},{"start":{"line":84,"column":12},"end":{"line":86,"column":null}}]},"12":{"loc":{"start":{"line":84,"column":12},"end":{"line":86,"column":null}},"type":"if","locations":[{"start":{"line":84,"column":12},"end":{"line":86,"column":null}},{"start":{"line":84,"column":12},"end":{"line":86,"column":null}}]},"13":{"loc":{"start":{"line":89,"column":12},"end":{"line":98,"column":null}},"type":"if","locations":[{"start":{"line":89,"column":12},"end":{"line":98,"column":null}},{"start":{"line":89,"column":12},"end":{"line":98,"column":null}}]},"14":{"loc":{"start":{"line":91,"column":16},"end":{"line":97,"column":null}},"type":"if","locations":[{"start":{"line":91,"column":16},"end":{"line":97,"column":null}},{"start":{"line":94,"column":23},"end":{"line":97,"column":null}}]}},"s":{"0":3,"1":3,"2":3,"3":3,"4":3,"5":3,"6":3,"7":3,"8":2,"9":3,"10":3,"11":0,"12":0,"13":0,"14":0,"15":0,"16":0,"17":0,"18":0,"19":3,"20":0,"21":0,"22":0,"23":0,"24":0,"25":0,"26":0,"27":0,"28":0,"29":0,"30":0,"31":0,"32":0,"33":0,"34":0,"35":0,"36":3,"37":0,"38":0,"39":0,"40":0,"41":0,"42":0,"43":0,"44":0,"45":0,"46":0,"47":0,"48":0,"49":0,"50":0,"51":0,"52":0,"53":0,"54":0,"55":0,"56":0,"57":0,"58":0,"59":0,"60":3},"f":{"0":3,"1":3,"2":0,"3":0,"4":0,"5":0,"6":0,"7":0},"b":{"0":[3,0],"1":[2,1],"2":[0,0],"3":[0,0],"4":[0,0],"5":[0,0],"6":[0,0],"7":[0,0],"8":[0,0],"9":[0,0],"10":[0,0],"11":[0,0],"12":[0,0],"13":[0,0],"14":[0,0]}}
}
